\standalonepreambles
\subpreamble{chapter_1/introduction.tex}
\usepackage {setspace}
\endsubpreamble
\subpreamble{chapter_2/observing.tex}
\usepackage {setspace}
\endsubpreamble
\subpreamble{chapter_3/DR2_search.tex}
\usepackage {setspace}
\endsubpreamble
\subpreamble{chapter_4/pre-ZTF_search.tex}
\usepackage {setspace}
\endsubpreamble
\subpreamble{chapter_5/real-time_search.tex}
\usepackage {setspace}
\endsubpreamble
\subpreamble{chapter_6/Conclusion_and_future.tex}
\usepackage {setspace}
\endsubpreamble
\endstandalonepreambles
