\BOOKMARK [0][]{chapter*.2}{\376\377\000L\000i\000s\000t\000\040\000o\000f\000\040\000P\000u\000b\000l\000i\000c\000a\000t\000i\000o\000n\000s}{}% 1
\BOOKMARK [0][]{chapter*.4}{\376\377\000L\000i\000s\000t\000\040\000o\000f\000\040\000F\000i\000g\000u\000r\000e\000s}{}% 2
\BOOKMARK [0][]{chapter*.5}{\376\377\000L\000i\000s\000t\000\040\000o\000f\000\040\000T\000a\000b\000l\000e\000s}{}% 3
\BOOKMARK [0][]{chapter.1}{\376\377\0001\000\040\000I\000n\000t\000r\000o\000d\000u\000c\000t\000i\000o\000n}{}% 4
\BOOKMARK [1][]{section.1.1}{\376\377\0001\000.\0001\000\040\000T\000h\000e\000\040\000f\000i\000n\000a\000l\000\040\000s\000t\000a\000g\000e\000s\000\040\000o\000f\000\040\000s\000t\000a\000r\000s}{chapter.1}% 5
\BOOKMARK [1][]{section.1.2}{\376\377\0001\000.\0002\000\040\000T\000y\000p\000e\000\040\000I\000a\000\040\000S\000N\000e}{chapter.1}% 6
\BOOKMARK [0][]{chapter.2}{\376\377\0002\000\040\000O\000b\000s\000e\000r\000v\000i\000n\000g\000\040\000i\000n\000\040\000t\000h\000e\000\040\000o\000p\000t\000i\000c\000a\000l\000\040\000r\000e\000g\000i\000m\000e}{}% 7
\BOOKMARK [1][]{section.2.1}{\376\377\0002\000.\0001\000\040\000T\000y\000p\000e\000s\000\040\000o\000f\000\040\000o\000b\000e\000s\000e\000r\000v\000a\000t\000i\000o\000n\000s}{chapter.2}% 8
\BOOKMARK [2][]{subsection.2.1.1}{\376\377\0002\000.\0001\000.\0001\000\040\000P\000h\000o\000t\000o\000m\000e\000t\000r\000y}{section.2.1}% 9
\BOOKMARK [2][]{subsection.2.1.2}{\376\377\0002\000.\0001\000.\0002\000\040\000S\000p\000e\000c\000t\000r\000o\000s\000c\000o\000p\000y}{section.2.1}% 10
\BOOKMARK [1][]{section.2.2}{\376\377\0002\000.\0002\000\040\000T\000e\000l\000e\000s\000c\000o\000p\000e\000s}{chapter.2}% 11
\BOOKMARK [2][]{subsection.2.2.1}{\376\377\0002\000.\0002\000.\0001\000\040\000Z\000w\000i\000c\000k\000y\000\040\000T\000r\000a\000n\000s\000i\000e\000n\000t\000\040\000F\000a\000c\000i\000l\000i\000t\000y}{section.2.2}% 12
\BOOKMARK [2][]{subsection.2.2.2}{\376\377\0002\000.\0002\000.\0002\000\040\000N\000o\000r\000d\000i\000c\000\040\000O\000p\000t\000i\000c\000a\000l\000\040\000T\000e\000l\000e\000s\000c\000o\000p\000e}{section.2.2}% 13
\BOOKMARK [2][]{subsection.2.2.3}{\376\377\0002\000.\0002\000.\0003\000\040\000G\000r\000a\000n\000\040\000T\000e\000l\000e\000s\000c\000o\000p\000i\000o\000\040\000C\000A\000N\000A\000R\000I\000A\000S}{section.2.2}% 14
\BOOKMARK [2][]{subsection.2.2.4}{\376\377\0002\000.\0002\000.\0004\000\040\000O\000t\000h\000e\000r\000\040\000o\000b\000s\000e\000r\000v\000a\000t\000i\000o\000n\000s}{section.2.2}% 15
\BOOKMARK [1][]{section.2.3}{\376\377\0002\000.\0003\000\040\000C\000a\000l\000i\000b\000r\000a\000t\000i\000o\000n\000\040\000i\000m\000a\000g\000e\000s}{chapter.2}% 16
\BOOKMARK [2][]{subsection.2.3.1}{\376\377\0002\000.\0003\000.\0001\000\040\000B\000i\000a\000s}{section.2.3}% 17
\BOOKMARK [2][]{subsection.2.3.2}{\376\377\0002\000.\0003\000.\0002\000\040\000D\000a\000r\000k}{section.2.3}% 18
\BOOKMARK [2][]{subsection.2.3.3}{\376\377\0002\000.\0003\000.\0003\000\040\000F\000l\000a\000t\000f\000i\000e\000l\000d}{section.2.3}% 19
\BOOKMARK [2][]{subsection.2.3.4}{\376\377\0002\000.\0003\000.\0004\000\040\000A\000r\000c}{section.2.3}% 20
\BOOKMARK [1][]{section.2.4}{\376\377\0002\000.\0004\000\040\000R\000e\000d\000u\000c\000t\000i\000o\000n}{chapter.2}% 21
\BOOKMARK [2][]{subsection.2.4.1}{\376\377\0002\000.\0004\000.\0001\000\040\000B\000i\000a\000s\000,\000\040\000d\000a\000r\000k\000,\000\040\000a\000n\000d\000\040\000f\000l\000a\000t\000\040\000c\000o\000r\000r\000e\000c\000t\000i\000o\000n\000s}{section.2.4}% 22
\BOOKMARK [2][]{subsection.2.4.2}{\376\377\0002\000.\0004\000.\0002\000\040\000C\000o\000s\000m\000i\000c\000-\000r\000a\000y\000\040\000r\000e\000m\000o\000v\000a\000l\000\040\000a\000n\000d\000\040\000i\000m\000a\000g\000e\000\040\000s\000t\000a\000c\000k\000i\000n\000g}{section.2.4}% 23
\BOOKMARK [2][]{subsection.2.4.3}{\376\377\0002\000.\0004\000.\0003\000\040\000S\000t\000a\000n\000d\000a\000r\000d\000\040\000s\000t\000a\000r\000\040\000c\000a\000l\000i\000b\000r\000a\000t\000i\000o\000n}{section.2.4}% 24
\BOOKMARK [2][]{subsection.2.4.4}{\376\377\0002\000.\0004\000.\0004\000\040\000F\000o\000r\000c\000e\000d\000\040\000p\000h\000o\000t\000o\000m\000e\000t\000r\000y}{section.2.4}% 25
\BOOKMARK [1][]{section.2.5}{\376\377\0002\000.\0005\000\040\000G\000e\000n\000e\000r\000a\000l\000\040\000c\000o\000n\000s\000i\000d\000e\000r\000a\000t\000i\000o\000n\000s\000\040\000f\000o\000r\000\040\000o\000b\000s\000e\000r\000v\000i\000n\000g}{chapter.2}% 26
\BOOKMARK [2][]{subsection.2.5.1}{\376\377\0002\000.\0005\000.\0001\000\040\000L\000o\000c\000a\000t\000i\000o\000n}{section.2.5}% 27
\BOOKMARK [2][]{subsection.2.5.2}{\376\377\0002\000.\0005\000.\0002\000\040\000T\000e\000l\000e\000s\000c\000o\000p\000e\000,\000\040\000i\000n\000s\000t\000r\000u\000m\000e\000n\000t\000,\000\040\000o\000b\000s\000e\000r\000v\000a\000t\000i\000o\000n\000\040\000t\000y\000p\000e\000,\000\040\000a\000n\000d\000\040\000s\000e\000t\000u\000p}{section.2.5}% 28
\BOOKMARK [2][]{subsection.2.5.3}{\376\377\0002\000.\0005\000.\0003\000\040\000N\000i\000g\000h\000t\000\040\000p\000l\000a\000n}{section.2.5}% 29
\BOOKMARK [0][]{chapter.3}{\376\377\0003\000\040\000Z\000T\000F\000\040\000S\000N\000\040\000I\000a\000\040\000D\000R\0002\000:\000\040\000S\000e\000a\000r\000c\000h\000i\000n\000g\000\040\000f\000o\000r\000\040\000l\000a\000t\000e\000-\000t\000i\000m\000e\000\040\000i\000n\000t\000e\000r\000a\000c\000t\000i\000o\000n\000\040\000s\000i\000g\000n\000a\000t\000u\000r\000e\000s\000\040\000i\000n\000\040\000T\000y\000p\000e\000\040\000I\000a\000\040\000s\000u\000p\000e\000r\000n\000o\000v\000a\000e\000\040\000f\000r\000o\000m\000\040\000t\000h\000e\000\040\000Z\000w\000i\000c\000k\000y\000\040\000T\000r\000a\000n\000s\000i\000e\000n\000t\000\040\000F\000a\000c\000i\000l\000i\000t\000y}{}% 30
\BOOKMARK [1][]{section.3.1}{\376\377\0003\000.\0001\000\040\000D\000a\000t\000a}{chapter.3}% 31
\BOOKMARK [2][]{subsection.3.1.1}{\376\377\0003\000.\0001\000.\0001\000\040\000Z\000T\000F\000\040\000l\000i\000g\000h\000t\000\040\000c\000u\000r\000v\000e\000\040\000d\000a\000t\000a}{section.3.1}% 32
\BOOKMARK [2][]{subsection.3.1.2}{\376\377\0003\000.\0001\000.\0002\000\040\000B\000a\000s\000e\000l\000i\000n\000e\000\040\000c\000o\000r\000r\000e\000c\000t\000i\000o\000n}{section.3.1}% 33
\BOOKMARK [1][]{section.3.2}{\376\377\0003\000.\0002\000\040\000A\000n\000a\000l\000y\000s\000i\000s}{chapter.3}% 34
\BOOKMARK [2][]{subsection.3.2.1}{\376\377\0003\000.\0002\000.\0001\000\040\000B\000i\000n\000n\000i\000n\000g\000\040\000\046\000\040\000f\000i\000l\000t\000e\000r\000i\000n\000g\000\040\000p\000r\000o\000g\000r\000a\000m\000m\000e}{section.3.2}% 35
\BOOKMARK [2][]{subsection.3.2.2}{\376\377\0003\000.\0002\000.\0002\000\040\000R\000e\000m\000o\000v\000a\000l\000\040\000o\000f\000\040\000S\000N\000\040\000I\000a\000\040\000r\000a\000d\000i\000o\000a\000c\000t\000i\000v\000e\000\040\000t\000a\000i\000l\000\040\000d\000e\000t\000e\000c\000t\000i\000o\000n\000s}{section.3.2}% 36
\BOOKMARK [2][]{subsection.3.2.3}{\376\377\0003\000.\0002\000.\0003\000\040\000S\000u\000p\000e\000r\000N\000o\000v\000a\000\040\000A\000n\000i\000m\000a\000t\000i\000o\000n\000\040\000P\000r\000o\000g\000r\000a\000m\000m\000e\000\040\000\050\000S\000N\000A\000P\000\051}{section.3.2}% 37
\BOOKMARK [2][]{subsection.3.2.4}{\376\377\0003\000.\0002\000.\0004\000\040\000S\000i\000m\000u\000l\000a\000t\000e\000d\000\040\000i\000n\000t\000e\000r\000a\000c\000t\000i\000o\000n\000\040\000r\000e\000c\000o\000v\000e\000r\000y\000\040\000f\000r\000a\000c\000t\000i\000o\000n\000s}{section.3.2}% 38
\BOOKMARK [3][]{subsubsection.3.2.4.1}{\376\377\0003\000.\0002\000.\0004\000.\0001\000\040\000T\000h\000e\000\040\000i\000n\000t\000e\000r\000a\000c\000t\000i\000n\000g\000\040\000S\000N\000\040\000m\000o\000d\000e\000l}{subsection.3.2.4}% 39
\BOOKMARK [3][]{subsubsection.3.2.4.2}{\376\377\0003\000.\0002\000.\0004\000.\0002\000\040\000S\000i\000m\000u\000l\000a\000t\000i\000n\000g\000\040\000t\000h\000e\000\040\000o\000b\000s\000e\000r\000v\000i\000n\000g\000\040\000c\000a\000m\000p\000a\000i\000g\000n}{subsection.3.2.4}% 40
\BOOKMARK [3][]{subsubsection.3.2.4.3}{\376\377\0003\000.\0002\000.\0004\000.\0003\000\040\000S\000i\000m\000u\000l\000a\000t\000e\000d\000\040\000i\000n\000t\000e\000r\000a\000c\000t\000i\000o\000n\000\040\000r\000e\000c\000o\000v\000e\000r\000y}{subsection.3.2.4}% 41
\BOOKMARK [3][]{subsubsection.3.2.4.4}{\376\377\0003\000.\0002\000.\0004\000.\0004\000\040\000I\000m\000p\000a\000c\000t\000\040\000o\000f\000\040\000r\000e\000f\000e\000r\000e\000n\000c\000e\000\040\000i\000m\000a\000g\000e\000\040\000d\000e\000p\000t\000h}{subsection.3.2.4}% 42
\BOOKMARK [1][]{section.3.3}{\376\377\0003\000.\0003\000\040\000R\000e\000s\000u\000l\000t\000s}{chapter.3}% 43
\BOOKMARK [2][]{subsection.3.3.1}{\376\377\0003\000.\0003\000.\0001\000\040\000I\000n\000i\000t\000i\000a\000l\000\040\000s\000u\000m\000m\000a\000r\000y\000\040\000o\000f\000\040\000d\000e\000t\000e\000c\000t\000e\000d\000\040\000e\000v\000e\000n\000t\000s}{section.3.3}% 44
\BOOKMARK [3][]{subsubsection.3.3.1.1}{\376\377\0003\000.\0003\000.\0001\000.\0001\000\040\000K\000n\000o\000w\000n\000\040\000I\000a\000-\000C\000S\000M}{subsection.3.3.1}% 45
\BOOKMARK [3][]{subsubsection.3.3.1.2}{\376\377\0003\000.\0003\000.\0001\000.\0002\000\040\000S\000i\000b\000l\000i\000n\000g\000s}{subsection.3.3.1}% 46
\BOOKMARK [3][]{subsubsection.3.3.1.3}{\376\377\0003\000.\0003\000.\0001\000.\0003\000\040\000K\000i\000n\000k\000e\000d\000\040\000t\000a\000i\000l\000s}{subsection.3.3.1}% 47
\BOOKMARK [2][]{subsection.3.3.2}{\376\377\0003\000.\0003\000.\0002\000\040\000A\000d\000d\000i\000t\000i\000o\000n\000a\000l\000\040\000t\000e\000s\000t\000s\000\040\000o\000f\000\040\000p\000r\000o\000m\000i\000s\000i\000n\000g\000\040\000e\000v\000e\000n\000t\000s}{section.3.3}% 48
\BOOKMARK [3][]{subsubsection.3.3.2.1}{\376\377\0003\000.\0003\000.\0002\000.\0001\000\040\000S\000c\000e\000n\000e\000\040\000m\000o\000d\000e\000l\000l\000i\000n\000g\000\040\000p\000h\000o\000t\000o\000m\000e\000t\000r\000y}{subsection.3.3.2}% 49
\BOOKMARK [3][]{subsubsection.3.3.2.2}{\376\377\0003\000.\0003\000.\0002\000.\0002\000\040\000A\000G\000N\000\040\000c\000o\000n\000t\000a\000m\000i\000n\000a\000t\000i\000o\000n}{subsection.3.3.2}% 50
\BOOKMARK [3][]{subsubsection.3.3.2.3}{\376\377\0003\000.\0003\000.\0002\000.\0003\000\040\000P\000r\000e\000s\000e\000n\000c\000e\000\040\000o\000f\000\040\000a\000\040\000s\000i\000b\000l\000i\000n\000g\000\040\000c\000l\000o\000s\000e\000\040\000t\000o\000\040\000t\000h\000e\000\040\000S\000N\000\040\000l\000o\000c\000a\000t\000i\000o\000n}{subsection.3.3.2}% 51
\BOOKMARK [3][]{subsubsection.3.3.2.4}{\376\377\0003\000.\0003\000.\0002\000.\0004\000\040\000L\000a\000t\000e\000-\000t\000i\000m\000e\000\040\000i\000n\000t\000e\000r\000a\000c\000t\000i\000o\000n\000\040\000c\000a\000n\000d\000i\000d\000a\000t\000e\000s}{subsection.3.3.2}% 52
\BOOKMARK [2][]{subsection.3.3.3}{\376\377\0003\000.\0003\000.\0003\000\040\000L\000a\000t\000e\000-\000t\000i\000m\000e\000\040\000C\000S\000M\000\040\000i\000n\000t\000e\000r\000a\000c\000t\000i\000o\000n\000\040\000r\000a\000t\000e\000s\000\040\000b\000a\000s\000e\000d\000\040\000o\000n\000\040\000o\000u\000r\000\040\000c\000a\000n\000d\000i\000d\000a\000t\000e\000\040\000o\000b\000j\000e\000c\000t\000s}{section.3.3}% 53
\BOOKMARK [1][]{section.3.4}{\376\377\0003\000.\0004\000\040\000D\000i\000s\000c\000u\000s\000s\000i\000o\000n}{chapter.3}% 54
\BOOKMARK [2][]{subsection.3.4.1}{\376\377\0003\000.\0004\000.\0001\000\040\000L\000a\000t\000e\000-\000t\000i\000m\000e\000\040\000i\000n\000t\000e\000r\000a\000c\000t\000i\000o\000n\000\040\000i\000s\000\040\000r\000a\000r\000e\000\040\000i\000n\000\040\000S\000N\000e\000\040\000I\000a}{section.3.4}% 55
\BOOKMARK [2][]{subsection.3.4.2}{\376\377\0003\000.\0004\000.\0002\000\040\000P\000r\000o\000p\000e\000r\000t\000i\000e\000s\000\040\000o\000f\000\040\000S\000N\000e\000\040\000I\000a\000\040\000w\000i\000t\000h\000\040\000l\000a\000t\000e\000-\000t\000i\000m\000e\000\040\000i\000n\000t\000e\000r\000a\000c\000t\000i\000o\000n}{section.3.4}% 56
\BOOKMARK [2][]{subsection.3.4.3}{\376\377\0003\000.\0004\000.\0003\000\040\000L\000i\000m\000i\000t\000a\000t\000i\000o\000n\000s\000\040\000o\000f\000\040\000t\000h\000e\000\040\000a\000n\000a\000l\000y\000s\000i\000s}{section.3.4}% 57
\BOOKMARK [2][]{subsection.3.4.4}{\376\377\0003\000.\0004\000.\0004\000\040\000B\000y\000-\000p\000r\000o\000d\000u\000c\000t\000\040\000p\000i\000p\000e\000l\000i\000n\000e\000\040\000d\000e\000t\000e\000c\000t\000i\000o\000n\000s}{section.3.4}% 58
\BOOKMARK [1][]{section.3.5}{\376\377\0003\000.\0005\000\040\000C\000o\000n\000c\000l\000u\000s\000i\000o\000n\000s}{chapter.3}% 59
\BOOKMARK [1][]{section.3.6}{\376\377\0003\000.\0006\000\040\000T\000a\000b\000l\000e\000s}{chapter.3}% 60
\BOOKMARK [1][]{section.3.7}{\376\377\0003\000.\0007\000\040\000I\000n\000p\000u\000t\000s\000\040\000t\000o\000\040\000s\000i\000m\000s\000u\000r\000v\000e\000y\000\040\000s\000i\000m\000u\000l\000a\000t\000i\000o\000n\000s}{chapter.3}% 61
\BOOKMARK [1][]{section.3.8}{\376\377\0003\000.\0008\000\040\000L\000a\000t\000e\000-\000t\000i\000m\000e\000\040\000s\000p\000e\000c\000t\000r\000u\000m\000\040\000o\000f\000\040\000S\000N\000\040\0002\0000\0002\0000\000a\000l\000m}{chapter.3}% 62
\BOOKMARK [1][]{section.3.9}{\376\377\0003\000.\0009\000\040\000B\000i\000n\000n\000e\000d\000\040\000S\000M\000P\000\040\000l\000i\000g\000h\000t\000\040\000c\000u\000r\000v\000e\000s\000\040\000o\000f\000\040\000t\000h\000e\000\040\000f\000i\000n\000a\000l\000\040\000c\000a\000n\000d\000i\000d\000a\000t\000e\000s}{chapter.3}% 63
\BOOKMARK [0][]{chapter*.32}{\376\377\000R\000e\000f\000e\000r\000e\000n\000c\000e\000s}{}% 64
